Analysis & Synthesis report for mission3
Tue Jul 04 15:07:02 2017
Quartus II 64-Bit Version 13.0.0 Build 156 04/24/2013 SJ Full Version


---------------------
; Table of Contents ;
---------------------
  1. Legal Notice
  2. Analysis & Synthesis Summary
  3. Analysis & Synthesis Settings
  4. Parallel Compilation
  5. Analysis & Synthesis Source Files Read
  6. Analysis & Synthesis Resource Usage Summary
  7. Analysis & Synthesis Resource Utilization by Entity
  8. Analysis & Synthesis RAM Summary
  9. Analysis & Synthesis IP Cores Summary
 10. State Machine - |mission3|spi_interface:inst|RxTxSTATE
 11. State Machine - |mission3|master_interface:inst4|previousSTATE
 12. State Machine - |mission3|master_interface:inst4|STATE
 13. Registers Removed During Synthesis
 14. General Register Statistics
 15. Multiplexer Restructuring Statistics (Restructuring Performed)
 16. Source assignments for rom256:inst3|altsyncram:altsyncram_component|altsyncram_ds71:auto_generated
 17. Parameter Settings for User Entity Instance: master_interface:inst4
 18. Parameter Settings for User Entity Instance: spi_interface:inst
 19. Parameter Settings for User Entity Instance: rom256:inst3|altsyncram:altsyncram_component
 20. altsyncram Parameter Settings by Entity Instance
 21. Elapsed Time Per Partition
 22. Analysis & Synthesis Messages
 23. Analysis & Synthesis Suppressed Messages



----------------
; Legal Notice ;
----------------
Copyright (C) 1991-2013 Altera Corporation
Your use of Altera Corporation's design tools, logic functions 
and other software and tools, and its AMPP partner logic 
functions, and any output files from any of the foregoing 
(including device programming or simulation files), and any 
associated documentation or information are expressly subject 
to the terms and conditions of the Altera Program License 
Subscription Agreement, Altera MegaCore Function License 
Agreement, or other applicable license agreement, including, 
without limitation, that your use is for the sole purpose of 
programming logic devices manufactured by Altera and sold by 
Altera or its authorized distributors.  Please refer to the 
applicable agreement for further details.



+----------------------------------------------------------------------------------+
; Analysis & Synthesis Summary                                                     ;
+------------------------------------+---------------------------------------------+
; Analysis & Synthesis Status        ; Successful - Tue Jul 04 15:07:02 2017       ;
; Quartus II 64-Bit Version          ; 13.0.0 Build 156 04/24/2013 SJ Full Version ;
; Revision Name                      ; mission3                                    ;
; Top-level Entity Name              ; mission3                                    ;
; Family                             ; Cyclone II                                  ;
; Total logic elements               ; 268                                         ;
;     Total combinational functions  ; 267                                         ;
;     Dedicated logic registers      ; 124                                         ;
; Total registers                    ; 124                                         ;
; Total pins                         ; 9                                           ;
; Total virtual pins                 ; 0                                           ;
; Total memory bits                  ; 49,152                                      ;
; Embedded Multiplier 9-bit elements ; 0                                           ;
; Total PLLs                         ; 0                                           ;
+------------------------------------+---------------------------------------------+


+----------------------------------------------------------------------------------------------------------------------+
; Analysis & Synthesis Settings                                                                                        ;
+----------------------------------------------------------------------------+--------------------+--------------------+
; Option                                                                     ; Setting            ; Default Value      ;
+----------------------------------------------------------------------------+--------------------+--------------------+
; Device                                                                     ; EP2C5Q208C8        ;                    ;
; Top-level entity name                                                      ; mission3           ; mission3           ;
; Family name                                                                ; Cyclone II         ; Cyclone IV GX      ;
; Use smart compilation                                                      ; Off                ; Off                ;
; Enable parallel Assembler and TimeQuest Timing Analyzer during compilation ; On                 ; On                 ;
; Enable compact report table                                                ; Off                ; Off                ;
; Restructure Multiplexers                                                   ; Auto               ; Auto               ;
; Create Debugging Nodes for IP Cores                                        ; Off                ; Off                ;
; Preserve fewer node names                                                  ; On                 ; On                 ;
; Disable OpenCore Plus hardware evaluation                                  ; Off                ; Off                ;
; Verilog Version                                                            ; Verilog_2001       ; Verilog_2001       ;
; VHDL Version                                                               ; VHDL_1993          ; VHDL_1993          ;
; State Machine Processing                                                   ; Auto               ; Auto               ;
; Safe State Machine                                                         ; Off                ; Off                ;
; Extract Verilog State Machines                                             ; On                 ; On                 ;
; Extract VHDL State Machines                                                ; On                 ; On                 ;
; Ignore Verilog initial constructs                                          ; Off                ; Off                ;
; Iteration limit for constant Verilog loops                                 ; 5000               ; 5000               ;
; Iteration limit for non-constant Verilog loops                             ; 250                ; 250                ;
; Add Pass-Through Logic to Inferred RAMs                                    ; On                 ; On                 ;
; Infer RAMs from Raw Logic                                                  ; On                 ; On                 ;
; Parallel Synthesis                                                         ; On                 ; On                 ;
; DSP Block Balancing                                                        ; Auto               ; Auto               ;
; NOT Gate Push-Back                                                         ; On                 ; On                 ;
; Power-Up Don't Care                                                        ; On                 ; On                 ;
; Remove Redundant Logic Cells                                               ; Off                ; Off                ;
; Remove Duplicate Registers                                                 ; On                 ; On                 ;
; Ignore CARRY Buffers                                                       ; Off                ; Off                ;
; Ignore CASCADE Buffers                                                     ; Off                ; Off                ;
; Ignore GLOBAL Buffers                                                      ; Off                ; Off                ;
; Ignore ROW GLOBAL Buffers                                                  ; Off                ; Off                ;
; Ignore LCELL Buffers                                                       ; Off                ; Off                ;
; Ignore SOFT Buffers                                                        ; On                 ; On                 ;
; Limit AHDL Integers to 32 Bits                                             ; Off                ; Off                ;
; Optimization Technique                                                     ; Balanced           ; Balanced           ;
; Carry Chain Length                                                         ; 70                 ; 70                 ;
; Auto Carry Chains                                                          ; On                 ; On                 ;
; Auto Open-Drain Pins                                                       ; On                 ; On                 ;
; Perform WYSIWYG Primitive Resynthesis                                      ; Off                ; Off                ;
; Auto ROM Replacement                                                       ; On                 ; On                 ;
; Auto RAM Replacement                                                       ; On                 ; On                 ;
; Auto Shift Register Replacement                                            ; Auto               ; Auto               ;
; Allow Shift Register Merging across Hierarchies                            ; Auto               ; Auto               ;
; Auto Clock Enable Replacement                                              ; On                 ; On                 ;
; Strict RAM Replacement                                                     ; Off                ; Off                ;
; Allow Synchronous Control Signals                                          ; On                 ; On                 ;
; Force Use of Synchronous Clear Signals                                     ; Off                ; Off                ;
; Auto RAM to Logic Cell Conversion                                          ; Off                ; Off                ;
; Auto Resource Sharing                                                      ; Off                ; Off                ;
; Allow Any RAM Size For Recognition                                         ; Off                ; Off                ;
; Allow Any ROM Size For Recognition                                         ; Off                ; Off                ;
; Allow Any Shift Register Size For Recognition                              ; Off                ; Off                ;
; Use LogicLock Constraints during Resource Balancing                        ; On                 ; On                 ;
; Ignore translate_off and synthesis_off directives                          ; Off                ; Off                ;
; Timing-Driven Synthesis                                                    ; Off                ; Off                ;
; Report Parameter Settings                                                  ; On                 ; On                 ;
; Report Source Assignments                                                  ; On                 ; On                 ;
; Report Connectivity Checks                                                 ; On                 ; On                 ;
; Ignore Maximum Fan-Out Assignments                                         ; Off                ; Off                ;
; Synchronization Register Chain Length                                      ; 2                  ; 2                  ;
; PowerPlay Power Optimization                                               ; Normal compilation ; Normal compilation ;
; HDL message level                                                          ; Level2             ; Level2             ;
; Suppress Register Optimization Related Messages                            ; Off                ; Off                ;
; Number of Removed Registers Reported in Synthesis Report                   ; 5000               ; 5000               ;
; Number of Swept Nodes Reported in Synthesis Report                         ; 5000               ; 5000               ;
; Number of Inverted Registers Reported in Synthesis Report                  ; 100                ; 100                ;
; Clock MUX Protection                                                       ; On                 ; On                 ;
; Auto Gated Clock Conversion                                                ; Off                ; Off                ;
; Block Design Naming                                                        ; Auto               ; Auto               ;
; SDC constraint protection                                                  ; Off                ; Off                ;
; Synthesis Effort                                                           ; Auto               ; Auto               ;
; Shift Register Replacement - Allow Asynchronous Clear Signal               ; On                 ; On                 ;
; Pre-Mapping Resynthesis Optimization                                       ; Off                ; Off                ;
; Analysis & Synthesis Message Level                                         ; Medium             ; Medium             ;
; Disable Register Merging Across Hierarchies                                ; Auto               ; Auto               ;
; Resource Aware Inference For Block RAM                                     ; On                 ; On                 ;
; Synthesis Seed                                                             ; 1                  ; 1                  ;
+----------------------------------------------------------------------------+--------------------+--------------------+


+------------------------------------------+
; Parallel Compilation                     ;
+----------------------------+-------------+
; Processors                 ; Number      ;
+----------------------------+-------------+
; Number detected on machine ; 4           ;
; Maximum allowed            ; 2           ;
;                            ;             ;
; Average used               ; 1.00        ;
; Maximum used               ; 1           ;
;                            ;             ;
; Usage by Processor         ; % Time Used ;
;     Processor 1            ; 100.0%      ;
;     Processors 2-4         ;   0.0%      ;
+----------------------------+-------------+


+------------------------------------------------------------------------------------------------------------------------------------------------------------------------------+
; Analysis & Synthesis Source Files Read                                                                                                                                       ;
+----------------------------------+-----------------+----------------------------------------+----------------------------------------------------------------------+---------+
; File Name with User-Entered Path ; Used in Netlist ; File Type                              ; File Name with Absolute Path                                         ; Library ;
+----------------------------------+-----------------+----------------------------------------+----------------------------------------------------------------------+---------+
; rom256.v                         ; yes             ; User Wizard-Generated File             ; C:/altera/13.0/EX_mission3/rom256.v                                  ;         ;
; mission3.bdf                     ; yes             ; User Block Diagram/Schematic File      ; C:/altera/13.0/EX_mission3/mission3.bdf                              ;         ;
; spi_interface.v                  ; yes             ; User Verilog HDL File                  ; C:/altera/13.0/EX_mission3/spi_interface.v                           ;         ;
; master_interface.v               ; yes             ; User Verilog HDL File                  ; C:/altera/13.0/EX_mission3/master_interface.v                        ;         ;
; 2.txt                            ; yes             ; Auto-Found File                        ; C:/altera/13.0/EX_mission3/2.txt                                     ;         ;
; 1.txt                            ; yes             ; Auto-Found File                        ; C:/altera/13.0/EX_mission3/1.txt                                     ;         ;
; altsyncram.tdf                   ; yes             ; Megafunction                           ; c:/altera/13.0/quartus/libraries/megafunctions/altsyncram.tdf        ;         ;
; stratix_ram_block.inc            ; yes             ; Megafunction                           ; c:/altera/13.0/quartus/libraries/megafunctions/stratix_ram_block.inc ;         ;
; lpm_mux.inc                      ; yes             ; Megafunction                           ; c:/altera/13.0/quartus/libraries/megafunctions/lpm_mux.inc           ;         ;
; lpm_decode.inc                   ; yes             ; Megafunction                           ; c:/altera/13.0/quartus/libraries/megafunctions/lpm_decode.inc        ;         ;
; aglobal130.inc                   ; yes             ; Megafunction                           ; c:/altera/13.0/quartus/libraries/megafunctions/aglobal130.inc        ;         ;
; a_rdenreg.inc                    ; yes             ; Megafunction                           ; c:/altera/13.0/quartus/libraries/megafunctions/a_rdenreg.inc         ;         ;
; altrom.inc                       ; yes             ; Megafunction                           ; c:/altera/13.0/quartus/libraries/megafunctions/altrom.inc            ;         ;
; altram.inc                       ; yes             ; Megafunction                           ; c:/altera/13.0/quartus/libraries/megafunctions/altram.inc            ;         ;
; altdpram.inc                     ; yes             ; Megafunction                           ; c:/altera/13.0/quartus/libraries/megafunctions/altdpram.inc          ;         ;
; db/altsyncram_ds71.tdf           ; yes             ; Auto-Generated Megafunction            ; C:/altera/13.0/EX_mission3/db/altsyncram_ds71.tdf                    ;         ;
; mif256.mif                       ; yes             ; Auto-Found Memory Initialization File  ; C:/altera/13.0/EX_mission3/mif256.mif                                ;         ;
; db/decode_1oa.tdf                ; yes             ; Auto-Generated Megafunction            ; C:/altera/13.0/EX_mission3/db/decode_1oa.tdf                         ;         ;
; db/mux_hib.tdf                   ; yes             ; Auto-Generated Megafunction            ; C:/altera/13.0/EX_mission3/db/mux_hib.tdf                            ;         ;
+----------------------------------+-----------------+----------------------------------------+----------------------------------------------------------------------+---------+


+-----------------------------------------------------+
; Analysis & Synthesis Resource Usage Summary         ;
+---------------------------------------------+-------+
; Resource                                    ; Usage ;
+---------------------------------------------+-------+
; Estimated Total logic elements              ; 268   ;
;                                             ;       ;
; Total combinational functions               ; 267   ;
; Logic element usage by number of LUT inputs ;       ;
;     -- 4 input functions                    ; 92    ;
;     -- 3 input functions                    ; 46    ;
;     -- <=2 input functions                  ; 129   ;
;                                             ;       ;
; Logic elements by mode                      ;       ;
;     -- normal mode                          ; 184   ;
;     -- arithmetic mode                      ; 83    ;
;                                             ;       ;
; Total registers                             ; 124   ;
;     -- Dedicated logic registers            ; 124   ;
;     -- I/O registers                        ; 0     ;
;                                             ;       ;
; I/O pins                                    ; 9     ;
; Total memory bits                           ; 49152 ;
; Embedded Multiplier 9-bit elements          ; 0     ;
; Maximum fan-out node                        ; _clk  ;
; Maximum fan-out                             ; 140   ;
; Total fan-out                               ; 1341  ;
; Average fan-out                             ; 3.22  ;
+---------------------------------------------+-------+


+--------------------------------------------------------------------------------------------------------------------------------------------------------------------------------------------------------------------------------------------------------------+
; Analysis & Synthesis Resource Utilization by Entity                                                                                                                                                                                                          ;
+-------------------------------------------+-------------------+--------------+-------------+--------------+---------+-----------+------+--------------+---------------------------------------------------------------------------------------+--------------+
; Compilation Hierarchy Node                ; LC Combinationals ; LC Registers ; Memory Bits ; DSP Elements ; DSP 9x9 ; DSP 18x18 ; Pins ; Virtual Pins ; Full Hierarchy Name                                                                   ; Library Name ;
+-------------------------------------------+-------------------+--------------+-------------+--------------+---------+-----------+------+--------------+---------------------------------------------------------------------------------------+--------------+
; |mission3                                 ; 267 (0)           ; 124 (0)      ; 49152       ; 0            ; 0       ; 0         ; 9    ; 0            ; |mission3                                                                             ;              ;
;    |master_interface:inst4|               ; 235 (235)         ; 102 (102)    ; 0           ; 0            ; 0       ; 0         ; 0    ; 0            ; |mission3|master_interface:inst4                                                      ;              ;
;    |rom256:inst3|                         ; 0 (0)             ; 1 (0)        ; 49152       ; 0            ; 0       ; 0         ; 0    ; 0            ; |mission3|rom256:inst3                                                                ;              ;
;       |altsyncram:altsyncram_component|   ; 0 (0)             ; 1 (0)        ; 49152       ; 0            ; 0       ; 0         ; 0    ; 0            ; |mission3|rom256:inst3|altsyncram:altsyncram_component                                ;              ;
;          |altsyncram_ds71:auto_generated| ; 0 (0)             ; 1 (1)        ; 49152       ; 0            ; 0       ; 0         ; 0    ; 0            ; |mission3|rom256:inst3|altsyncram:altsyncram_component|altsyncram_ds71:auto_generated ;              ;
;    |spi_interface:inst|                   ; 32 (32)           ; 21 (21)      ; 0           ; 0            ; 0       ; 0         ; 0    ; 0            ; |mission3|spi_interface:inst                                                          ;              ;
+-------------------------------------------+-------------------+--------------+-------------+--------------+---------+-----------+------+--------------+---------------------------------------------------------------------------------------+--------------+
Note: For table entries with two numbers listed, the numbers in parentheses indicate the number of resources of the given type used by the specific entity alone. The numbers listed outside of parentheses indicate the total resources of the given type used by the specific entity and all of its sub-entities in the hierarchy.


+------------------------------------------------------------------------------------------------------------------------------------------------------------------------------------------+
; Analysis & Synthesis RAM Summary                                                                                                                                                         ;
+----------------------------------------------------------------------------------------+------+------+--------------+--------------+--------------+--------------+-------+---------------+
; Name                                                                                   ; Type ; Mode ; Port A Depth ; Port A Width ; Port B Depth ; Port B Width ; Size  ; MIF           ;
+----------------------------------------------------------------------------------------+------+------+--------------+--------------+--------------+--------------+-------+---------------+
; rom256:inst3|altsyncram:altsyncram_component|altsyncram_ds71:auto_generated|ALTSYNCRAM ; AUTO ; ROM  ; 6144         ; 8            ; --           ; --           ; 49152 ; ../mif256.mif ;
+----------------------------------------------------------------------------------------+------+------+--------------+--------------+--------------+--------------+-------+---------------+


+------------------------------------------------------------------------------------------------------------------------------+
; Analysis & Synthesis IP Cores Summary                                                                                        ;
+--------+--------------+---------+--------------+--------------+------------------------+-------------------------------------+
; Vendor ; IP Core Name ; Version ; Release Date ; License Type ; Entity Instance        ; IP Include File                     ;
+--------+--------------+---------+--------------+--------------+------------------------+-------------------------------------+
; Altera ; ROM: 1-PORT  ; 13.0    ; N/A          ; N/A          ; |mission3|rom256:inst3 ; C:/altera/13.0/EX_mission3/rom256.v ;
+--------+--------------+---------+--------------+--------------+------------------------+-------------------------------------+


Encoding Type:  One-Hot
+---------------------------------------------------------------------------------------------------------+
; State Machine - |mission3|spi_interface:inst|RxTxSTATE                                                  ;
+--------------------------+-------------------------+-------------------------+--------------------------+
; Name                     ; RxTxSTATE.RxTxTYPE_idle ; RxTxSTATE.RxTxTYPE_hold ; RxTxSTATE.RxTxTYPE_rx_tx ;
+--------------------------+-------------------------+-------------------------+--------------------------+
; RxTxSTATE.RxTxTYPE_idle  ; 0                       ; 0                       ; 0                        ;
; RxTxSTATE.RxTxTYPE_rx_tx ; 1                       ; 0                       ; 1                        ;
; RxTxSTATE.RxTxTYPE_hold  ; 1                       ; 1                       ; 0                        ;
+--------------------------+-------------------------+-------------------------+--------------------------+


Encoding Type:  One-Hot
+----------------------------------------------------------------+
; State Machine - |mission3|master_interface:inst4|previousSTATE ;
+-------------------------------+--------------------------------+
; Name                          ; previousSTATE.StateTYPE_run    ;
+-------------------------------+--------------------------------+
; previousSTATE.StateTYPE_setup ; 0                              ;
; previousSTATE.StateTYPE_run   ; 1                              ;
+-------------------------------+--------------------------------+


Encoding Type:  One-Hot
+---------------------------------------------------------------------------------------------------------------------------------------------------------------------------+
; State Machine - |mission3|master_interface:inst4|STATE                                                                                                                    ;
+--------------------------+--------------------------+-------------------------+----------------------+---------------------+-----------------------+----------------------+
; Name                     ; STATE.StateTYPE_wait_run ; STATE.StateTYPE_wait_ss ; STATE.StateTYPE_hold ; STATE.StateTYPE_run ; STATE.StateTYPE_setup ; STATE.StateTYPE_idle ;
+--------------------------+--------------------------+-------------------------+----------------------+---------------------+-----------------------+----------------------+
; STATE.StateTYPE_idle     ; 0                        ; 0                       ; 0                    ; 0                   ; 0                     ; 0                    ;
; STATE.StateTYPE_setup    ; 0                        ; 0                       ; 0                    ; 0                   ; 1                     ; 1                    ;
; STATE.StateTYPE_run      ; 0                        ; 0                       ; 0                    ; 1                   ; 0                     ; 1                    ;
; STATE.StateTYPE_hold     ; 0                        ; 0                       ; 1                    ; 0                   ; 0                     ; 1                    ;
; STATE.StateTYPE_wait_ss  ; 0                        ; 1                       ; 0                    ; 0                   ; 0                     ; 1                    ;
; STATE.StateTYPE_wait_run ; 1                        ; 0                       ; 0                    ; 0                   ; 0                     ; 1                    ;
+--------------------------+--------------------------+-------------------------+----------------------+---------------------+-----------------------+----------------------+


+---------------------------------------------------------------------------------+
; Registers Removed During Synthesis                                              ;
+----------------------------------------+----------------------------------------+
; Register name                          ; Reason for Removal                     ;
+----------------------------------------+----------------------------------------+
; master_interface:inst4|PMODEN          ; Stuck at VCC due to stuck port data_in ;
; master_interface:inst4|previousSTATE~3 ; Lost fanout                            ;
; master_interface:inst4|previousSTATE~4 ; Lost fanout                            ;
; master_interface:inst4|STATE~10        ; Lost fanout                            ;
; master_interface:inst4|STATE~11        ; Lost fanout                            ;
; master_interface:inst4|STATE~12        ; Lost fanout                            ;
; Total Number of Removed Registers = 6  ;                                        ;
+----------------------------------------+----------------------------------------+


+------------------------------------------------------+
; General Register Statistics                          ;
+----------------------------------------------+-------+
; Statistic                                    ; Value ;
+----------------------------------------------+-------+
; Total registers                              ; 124   ;
; Number of registers using Synchronous Clear  ; 8     ;
; Number of registers using Synchronous Load   ; 1     ;
; Number of registers using Asynchronous Clear ; 0     ;
; Number of registers using Asynchronous Load  ; 0     ;
; Number of registers using Clock Enable       ; 104   ;
; Number of registers using Preset             ; 0     ;
+----------------------------------------------+-------+


+--------------------------------------------------------------------------------------------------------------------------------------------------------------+
; Multiplexer Restructuring Statistics (Restructuring Performed)                                                                                               ;
+--------------------+-----------+---------------+----------------------+------------------------+------------+------------------------------------------------+
; Multiplexer Inputs ; Bus Width ; Baseline Area ; Area if Restructured ; Saving if Restructured ; Registered ; Example Multiplexer Output                     ;
+--------------------+-----------+---------------+----------------------+------------------------+------------+------------------------------------------------+
; 6:1                ; 13 bits   ; 52 LEs        ; 13 LEs               ; 39 LEs                 ; Yes        ; |mission3|master_interface:inst4|address[12]   ;
; 6:1                ; 6 bits    ; 24 LEs        ; 12 LEs               ; 12 LEs                 ; Yes        ; |mission3|master_interface:inst4|send_data[6]  ;
; 6:1                ; 3 bits    ; 12 LEs        ; 3 LEs                ; 9 LEs                  ; Yes        ; |mission3|spi_interface:inst|rx_count[0]       ;
; 6:1                ; 7 bits    ; 28 LEs        ; 7 LEs                ; 21 LEs                 ; Yes        ; |mission3|spi_interface:inst|shift_register[5] ;
; 8:1                ; 5 bits    ; 25 LEs        ; 5 LEs                ; 20 LEs                 ; Yes        ; |mission3|master_interface:inst4|byte_count[3] ;
; 5:1                ; 3 bits    ; 9 LEs         ; 6 LEs                ; 3 LEs                  ; No         ; |mission3|spi_interface:inst|Selector0         ;
+--------------------+-----------+---------------+----------------------+------------------------+------------+------------------------------------------------+


+----------------------------------------------------------------------------------------------------+
; Source assignments for rom256:inst3|altsyncram:altsyncram_component|altsyncram_ds71:auto_generated ;
+---------------------------------+--------------------+------+--------------------------------------+
; Assignment                      ; Value              ; From ; To                                   ;
+---------------------------------+--------------------+------+--------------------------------------+
; OPTIMIZE_POWER_DURING_SYNTHESIS ; NORMAL_COMPILATION ; -    ; -                                    ;
+---------------------------------+--------------------+------+--------------------------------------+


+-------------------------------------------------------------------------+
; Parameter Settings for User Entity Instance: master_interface:inst4     ;
+--------------------+----------------------------------+-----------------+
; Parameter Name     ; Value                            ; Type            ;
+--------------------+----------------------------------+-----------------+
; StateTYPE_idle     ; 000                              ; Unsigned Binary ;
; StateTYPE_setup    ; 001                              ; Unsigned Binary ;
; StateTYPE_run      ; 010                              ; Unsigned Binary ;
; StateTYPE_hold     ; 011                              ; Unsigned Binary ;
; StateTYPE_wait_ss  ; 100                              ; Unsigned Binary ;
; StateTYPE_wait_run ; 101                              ; Unsigned Binary ;
; SS_COUNT_MAX       ; 00000001011111010111100001000000 ; Unsigned Binary ;
; COUNT_WAIT_MAX     ; 00000001011111010111100001000000 ; Unsigned Binary ;
+--------------------+----------------------------------+-----------------+
Note: In order to hide this table in the UI and the text report file, please set the "Show Parameter Settings in Synthesis Report" option in "Analysis and Synthesis Settings -> More Settings" to "Off".


+-----------------------------------------------------------------+
; Parameter Settings for User Entity Instance: spi_interface:inst ;
+-------------------+-------+-------------------------------------+
; Parameter Name    ; Value ; Type                                ;
+-------------------+-------+-------------------------------------+
; SPI_CLK_COUNT_MAX ; 10    ; Unsigned Binary                     ;
; RX_COUNT_MAX      ; 1000  ; Unsigned Binary                     ;
; RxTxTYPE_idle     ; 00    ; Unsigned Binary                     ;
; RxTxTYPE_rx_tx    ; 01    ; Unsigned Binary                     ;
; RxTxTYPE_hold     ; 10    ; Unsigned Binary                     ;
+-------------------+-------+-------------------------------------+
Note: In order to hide this table in the UI and the text report file, please set the "Show Parameter Settings in Synthesis Report" option in "Analysis and Synthesis Settings -> More Settings" to "Off".


+-------------------------------------------------------------------------------------------+
; Parameter Settings for User Entity Instance: rom256:inst3|altsyncram:altsyncram_component ;
+------------------------------------+----------------------+-------------------------------+
; Parameter Name                     ; Value                ; Type                          ;
+------------------------------------+----------------------+-------------------------------+
; BYTE_SIZE_BLOCK                    ; 8                    ; Untyped                       ;
; AUTO_CARRY_CHAINS                  ; ON                   ; AUTO_CARRY                    ;
; IGNORE_CARRY_BUFFERS               ; OFF                  ; IGNORE_CARRY                  ;
; AUTO_CASCADE_CHAINS                ; ON                   ; AUTO_CASCADE                  ;
; IGNORE_CASCADE_BUFFERS             ; OFF                  ; IGNORE_CASCADE                ;
; WIDTH_BYTEENA                      ; 1                    ; Untyped                       ;
; OPERATION_MODE                     ; ROM                  ; Untyped                       ;
; WIDTH_A                            ; 8                    ; Signed Integer                ;
; WIDTHAD_A                          ; 13                   ; Signed Integer                ;
; NUMWORDS_A                         ; 6144                 ; Signed Integer                ;
; OUTDATA_REG_A                      ; UNREGISTERED         ; Untyped                       ;
; ADDRESS_ACLR_A                     ; NONE                 ; Untyped                       ;
; OUTDATA_ACLR_A                     ; NONE                 ; Untyped                       ;
; WRCONTROL_ACLR_A                   ; NONE                 ; Untyped                       ;
; INDATA_ACLR_A                      ; NONE                 ; Untyped                       ;
; BYTEENA_ACLR_A                     ; NONE                 ; Untyped                       ;
; WIDTH_B                            ; 1                    ; Untyped                       ;
; WIDTHAD_B                          ; 1                    ; Untyped                       ;
; NUMWORDS_B                         ; 1                    ; Untyped                       ;
; INDATA_REG_B                       ; CLOCK1               ; Untyped                       ;
; WRCONTROL_WRADDRESS_REG_B          ; CLOCK1               ; Untyped                       ;
; RDCONTROL_REG_B                    ; CLOCK1               ; Untyped                       ;
; ADDRESS_REG_B                      ; CLOCK1               ; Untyped                       ;
; OUTDATA_REG_B                      ; UNREGISTERED         ; Untyped                       ;
; BYTEENA_REG_B                      ; CLOCK1               ; Untyped                       ;
; INDATA_ACLR_B                      ; NONE                 ; Untyped                       ;
; WRCONTROL_ACLR_B                   ; NONE                 ; Untyped                       ;
; ADDRESS_ACLR_B                     ; NONE                 ; Untyped                       ;
; OUTDATA_ACLR_B                     ; NONE                 ; Untyped                       ;
; RDCONTROL_ACLR_B                   ; NONE                 ; Untyped                       ;
; BYTEENA_ACLR_B                     ; NONE                 ; Untyped                       ;
; WIDTH_BYTEENA_A                    ; 1                    ; Signed Integer                ;
; WIDTH_BYTEENA_B                    ; 1                    ; Untyped                       ;
; RAM_BLOCK_TYPE                     ; AUTO                 ; Untyped                       ;
; BYTE_SIZE                          ; 8                    ; Untyped                       ;
; READ_DURING_WRITE_MODE_MIXED_PORTS ; DONT_CARE            ; Untyped                       ;
; READ_DURING_WRITE_MODE_PORT_A      ; NEW_DATA_NO_NBE_READ ; Untyped                       ;
; READ_DURING_WRITE_MODE_PORT_B      ; NEW_DATA_NO_NBE_READ ; Untyped                       ;
; INIT_FILE                          ; ../mif256.mif        ; Untyped                       ;
; INIT_FILE_LAYOUT                   ; PORT_A               ; Untyped                       ;
; MAXIMUM_DEPTH                      ; 0                    ; Untyped                       ;
; CLOCK_ENABLE_INPUT_A               ; BYPASS               ; Untyped                       ;
; CLOCK_ENABLE_INPUT_B               ; NORMAL               ; Untyped                       ;
; CLOCK_ENABLE_OUTPUT_A              ; BYPASS               ; Untyped                       ;
; CLOCK_ENABLE_OUTPUT_B              ; NORMAL               ; Untyped                       ;
; CLOCK_ENABLE_CORE_A                ; USE_INPUT_CLKEN      ; Untyped                       ;
; CLOCK_ENABLE_CORE_B                ; USE_INPUT_CLKEN      ; Untyped                       ;
; ENABLE_ECC                         ; FALSE                ; Untyped                       ;
; ECC_PIPELINE_STAGE_ENABLED         ; FALSE                ; Untyped                       ;
; WIDTH_ECCSTATUS                    ; 3                    ; Untyped                       ;
; DEVICE_FAMILY                      ; Cyclone II           ; Untyped                       ;
; CBXI_PARAMETER                     ; altsyncram_ds71      ; Untyped                       ;
+------------------------------------+----------------------+-------------------------------+
Note: In order to hide this table in the UI and the text report file, please set the "Show Parameter Settings in Synthesis Report" option in "Analysis and Synthesis Settings -> More Settings" to "Off".


+------------------------------------------------------------------------------------------+
; altsyncram Parameter Settings by Entity Instance                                         ;
+-------------------------------------------+----------------------------------------------+
; Name                                      ; Value                                        ;
+-------------------------------------------+----------------------------------------------+
; Number of entity instances                ; 1                                            ;
; Entity Instance                           ; rom256:inst3|altsyncram:altsyncram_component ;
;     -- OPERATION_MODE                     ; ROM                                          ;
;     -- WIDTH_A                            ; 8                                            ;
;     -- NUMWORDS_A                         ; 6144                                         ;
;     -- OUTDATA_REG_A                      ; UNREGISTERED                                 ;
;     -- WIDTH_B                            ; 1                                            ;
;     -- NUMWORDS_B                         ; 1                                            ;
;     -- ADDRESS_REG_B                      ; CLOCK1                                       ;
;     -- OUTDATA_REG_B                      ; UNREGISTERED                                 ;
;     -- RAM_BLOCK_TYPE                     ; AUTO                                         ;
;     -- READ_DURING_WRITE_MODE_MIXED_PORTS ; DONT_CARE                                    ;
+-------------------------------------------+----------------------------------------------+


+-------------------------------+
; Elapsed Time Per Partition    ;
+----------------+--------------+
; Partition Name ; Elapsed Time ;
+----------------+--------------+
; Top            ; 00:00:00     ;
+----------------+--------------+


+-------------------------------+
; Analysis & Synthesis Messages ;
+-------------------------------+
Info: *******************************************************************
Info: Running Quartus II 64-Bit Analysis & Synthesis
    Info: Version 13.0.0 Build 156 04/24/2013 SJ Full Version
    Info: Processing started: Tue Jul 04 15:07:00 2017
Info: Command: quartus_map --read_settings_files=on --write_settings_files=off mission3 -c mission3
Info (11104): Parallel Compilation has detected 4 hyper-threaded processors. However, the extra hyper-threaded processors will not be used by default. Parallel Compilation will use 2 of the 2 physical processors detected instead.
Info (12021): Found 1 design units, including 1 entities, in source file rom256.v
    Info (12023): Found entity 1: rom256
Info (12021): Found 1 design units, including 1 entities, in source file mission3.bdf
    Info (12023): Found entity 1: mission3
Info (12021): Found 1 design units, including 1 entities, in source file spi_interface.v
    Info (12023): Found entity 1: spi_interface
Info (12021): Found 1 design units, including 1 entities, in source file master_interface.v
    Info (12023): Found entity 1: master_interface
Info (12127): Elaborating entity "mission3" for the top level hierarchy
Warning (275011): Block or symbol "spi_interface" of instance "inst" overlaps another block or symbol
Info (12128): Elaborating entity "master_interface" for hierarchy "master_interface:inst4"
Warning (10850): Verilog HDL warning at master_interface.v(118): number of words (11) in memory file does not match the number of elements in the address range [0:50]
Warning (10030): Net "SETUP_GYRO.data_a" at master_interface.v(99) has no driver or initial value, using a default initial value '0'
Warning (10030): Net "SETUP_GYRO.waddr_a" at master_interface.v(99) has no driver or initial value, using a default initial value '0'
Warning (10030): Net "RUN_BEGIN.data_a" at master_interface.v(100) has no driver or initial value, using a default initial value '0'
Warning (10030): Net "RUN_BEGIN.waddr_a" at master_interface.v(100) has no driver or initial value, using a default initial value '0'
Warning (10030): Net "SETUP_GYRO.we_a" at master_interface.v(99) has no driver or initial value, using a default initial value '0'
Warning (10030): Net "RUN_BEGIN.we_a" at master_interface.v(100) has no driver or initial value, using a default initial value '0'
Info (12128): Elaborating entity "spi_interface" for hierarchy "spi_interface:inst"
Info (12128): Elaborating entity "rom256" for hierarchy "rom256:inst3"
Info (12128): Elaborating entity "altsyncram" for hierarchy "rom256:inst3|altsyncram:altsyncram_component"
Info (12130): Elaborated megafunction instantiation "rom256:inst3|altsyncram:altsyncram_component"
Info (12133): Instantiated megafunction "rom256:inst3|altsyncram:altsyncram_component" with the following parameter:
    Info (12134): Parameter "clock_enable_input_a" = "BYPASS"
    Info (12134): Parameter "clock_enable_output_a" = "BYPASS"
    Info (12134): Parameter "init_file" = "../mif256.mif"
    Info (12134): Parameter "intended_device_family" = "Cyclone II"
    Info (12134): Parameter "lpm_hint" = "ENABLE_RUNTIME_MOD=NO"
    Info (12134): Parameter "lpm_type" = "altsyncram"
    Info (12134): Parameter "numwords_a" = "6144"
    Info (12134): Parameter "operation_mode" = "ROM"
    Info (12134): Parameter "outdata_aclr_a" = "NONE"
    Info (12134): Parameter "outdata_reg_a" = "UNREGISTERED"
    Info (12134): Parameter "widthad_a" = "13"
    Info (12134): Parameter "width_a" = "8"
    Info (12134): Parameter "width_byteena_a" = "1"
Info (12021): Found 1 design units, including 1 entities, in source file db/altsyncram_ds71.tdf
    Info (12023): Found entity 1: altsyncram_ds71
Info (12128): Elaborating entity "altsyncram_ds71" for hierarchy "rom256:inst3|altsyncram:altsyncram_component|altsyncram_ds71:auto_generated"
Info (12021): Found 1 design units, including 1 entities, in source file db/decode_1oa.tdf
    Info (12023): Found entity 1: decode_1oa
Info (12128): Elaborating entity "decode_1oa" for hierarchy "rom256:inst3|altsyncram:altsyncram_component|altsyncram_ds71:auto_generated|decode_1oa:deep_decode"
Info (12021): Found 1 design units, including 1 entities, in source file db/mux_hib.tdf
    Info (12023): Found entity 1: mux_hib
Info (12128): Elaborating entity "mux_hib" for hierarchy "rom256:inst3|altsyncram:altsyncram_component|altsyncram_ds71:auto_generated|mux_hib:mux2"
Info (276014): Found 2 instances of uninferred RAM logic
    Info (276004): RAM logic "master_interface:inst4|SETUP_GYRO" is uninferred due to inappropriate RAM size
    Info (276004): RAM logic "master_interface:inst4|RUN_BEGIN" is uninferred due to inappropriate RAM size
Critical Warning (127005): Memory depth (64) in the design file differs from memory depth (51) in the Memory Initialization File "C:/altera/13.0/EX_mission3/db/mission3.ram0_master_interface_c8f5698b.hdl.mif" -- setting initial value for remaining addresses to 0
Warning (127007): Memory Initialization File or Hexadecimal (Intel-Format) File "C:/altera/13.0/EX_mission3/db/mission3.ram0_master_interface_c8f5698b.hdl.mif" contains "don't care" values -- overwriting them with 0s
Critical Warning (127005): Memory depth (8) in the design file differs from memory depth (6) in the Memory Initialization File "C:/altera/13.0/EX_mission3/db/mission3.ram1_master_interface_c8f5698b.hdl.mif" -- setting initial value for remaining addresses to 0
Warning (13024): Output pins are stuck at VCC or GND
    Warning (13410): Pin "pmoden" is stuck at VCC
Info (17049): 5 registers lost all their fanouts during netlist optimizations.
Info (144001): Generated suppressed messages file C:/altera/13.0/EX_mission3/output_files/mission3.map.smsg
Info (16010): Generating hard_block partition "hard_block:auto_generated_inst"
    Info (16011): Adding 0 node(s), including 0 DDIO, 0 PLL, 0 transceiver and 0 LCELL
Info (21057): Implemented 293 device resources after synthesis - the final resource count might be different
    Info (21058): Implemented 2 input pins
    Info (21059): Implemented 7 output pins
    Info (21061): Implemented 268 logic cells
    Info (21064): Implemented 16 RAM segments
Info: Quartus II 64-Bit Analysis & Synthesis was successful. 0 errors, 13 warnings
    Info: Peak virtual memory: 479 megabytes
    Info: Processing ended: Tue Jul 04 15:07:02 2017
    Info: Elapsed time: 00:00:02
    Info: Total CPU time (on all processors): 00:00:02


+------------------------------------------+
; Analysis & Synthesis Suppressed Messages ;
+------------------------------------------+
The suppressed messages can be found in C:/altera/13.0/EX_mission3/output_files/mission3.map.smsg.


